<?xml version="1.0" encoding="UTF-8"?>
<!-- Generated by org.testng.reporters.JUnitXMLReporter -->
<testsuite hostname="Vibhor-Agarwal" tests="10" failures="2" timestamp="21 Sep 2019 11:21:35 GMT" time="239.057" errors="0">
  <testcase name="loginTestwithValidCredentials" time="3.07" classname="DemoTest"/>
  <testcase name="loginTestwithInValidCredentials" time="1.471" classname="DemoTest"/>
  <testcase name="runValuationTest" time="17.998" classname="DemoTest"/>
  <testcase name="verifySearchHistoryTest" time="106.775" classname="DemoTest">
    <failure type="java.lang.AssertionError" message="Element Locator :Proxy element for: DefaultElementLocator &amp;apos;By.xpath: //table[@id=&amp;apos;tblValuationRequests&amp;apos;]//tr[1]/td[3]/a[1]&amp;apos; Not found expected [true] but found [false]">
      <![CDATA[java.lang.AssertionError: Element Locator :Proxy element for: DefaultElementLocator 'By.xpath: //table[@id='tblValuationRequests']//tr[1]/td[3]/a[1]' Not found expected [true] but found [false]
	at utils.CommonFunctions.isTextPresent(CommonFunctions.java:177)
	at pages.HistoryPage.verifySearchHistory(HistoryPage.java:56)
	at DemoTest.verifySearchHistoryTest(DemoTest.java:149)
... Removed 27 stack frames]]>
    </failure>
  </testcase> <!-- verifySearchHistoryTest -->
  <testcase name="verifyProfileDetailsTest" time="34.162" classname="DemoTest"/>
  <testcase name="logoutTest" time="2.771" classname="DemoTest"/>
  <testcase name="signUpTest" time="22.71" classname="DemoTest">
    <failure type="java.lang.AssertionError" message="expected [true] but found [false]">
      <![CDATA[java.lang.AssertionError: expected [true] but found [false]
	at DemoTest.signUpTest(DemoTest.java:233)
... Removed 28 stack frames]]>
    </failure>
  </testcase> <!-- signUpTest -->
  <testcase name="signUpFromExistingEmailIdTest" time="2.616" classname="DemoTest"/>
  <testcase name="profileUpdateTest" time="3.121" classname="DemoTest"/>
  <testcase name="resetPasswordTest" time="34.996" classname="DemoTest"/>
</testsuite>
